#
# There is insufficient memory for the Java Runtime Environment to continue.
# Native memory allocation (mmap) failed to map 58720256 bytes for G1 virtual space
# Possible reasons:
#   The system is out of physical RAM or swap space
#   The process is running with CompressedOops enabled, and the Java Heap may be blocking the growth of the native heap
# Possible solutions:
#   Reduce memory load on the system
#   Increase physical memory or swap space
#   Check if swap backing store is full
#   Decrease Java heap size (-Xmx/-Xms)
#   Decrease number of Java threads
#   Decrease Java thread stack sizes (-Xss)
#   Set larger code cache with -XX:ReservedCodeCacheSize=
#   JVM is running with Unscaled Compressed Oops mode in which the Java heap is
#     placed in the first 4GB address space. The Java Heap base address is the
#     maximum limit for the native heap growth. Please use -XX:HeapBaseMinAddress
#     to set the Java Heap base and to place the Java Heap above 4GB virtual address.
# This output file may be truncated or incomplete.
#
#  Out of Memory Error (os_windows.cpp:3550), pid=9076, tid=7120
#
# JRE version:  (17.0.7+8) (build )
# Java VM: Java HotSpot(TM) 64-Bit Server VM (17.0.7+8-LTS-224, mixed mode, sharing, tiered, compressed oops, compressed class ptrs, g1 gc, windows-amd64)
# No core dump will be written. Minidumps are not enabled by default on client versions of Windows
#

---------------  S U M M A R Y ------------

Command Line: -Dfile.encoding=UTF-8 -XX:+ShowCodeDetailsInExceptionMessages fotmulario.Ejercicio1

Host: AMD A4-9125 RADEON R3, 4 COMPUTE CORES 2C+2G   , 2 cores, 3G,  Windows 10 , 64 bit Build 19041 (10.0.19041.3155)
Time: Mon Sep  4 15:47:58 2023 Hora estándar central (México) elapsed time: 0.085279 seconds (0d 0h 0m 0s)

---------------  T H R E A D  ---------------

Current thread (0x0000016ba04ae300):  JavaThread "Unknown thread" [_thread_in_vm, id=7120, stack(0x0000005024d00000,0x0000005024e00000)]

Stack: [0x0000005024d00000,0x0000005024e00000]
Native frames: (J=compiled Java code, j=interpreted, Vv=VM code, C=native code)
V  [jvm.dll+0x676a4a]
V  [jvm.dll+0x7d74f4]
V  [jvm.dll+0x7d8c9e]
V  [jvm.dll+0x7d9303]
V  [jvm.dll+0x2452c5]
V  [jvm.dll+0x6738f9]
V  [jvm.dll+0x668232]
V  [jvm.dll+0x302826]
V  [jvm.dll+0x309da6]
V  [jvm.dll+0x35952e]
V  [jvm.dll+0x35975f]
V  [jvm.dll+0x2d9a38]
V  [jvm.dll+0x2da9a4]
V  [jvm.dll+0x7a8fb1]
V  [jvm.dll+0x3670e1]
V  [jvm.dll+0x788359]
V  [jvm.dll+0x3ea5ef]
V  [jvm.dll+0x3ec071]
C  [jli.dll+0x5297]
C  [ucrtbase.dll+0x21bb2]
C  [KERNEL32.DLL+0x17614]
C  [ntdll.dll+0x526b1]


---------------  P R O C E S S  ---------------

Threads class SMR info:
_java_thread_list=0x00007ffa084e4998, length=0, elements={
}

Java Threads: ( => current thread )

Other Threads:
  0x0000016ba04e2640 GCTaskThread "GC Thread#0" [stack: 0x0000005024e00000,0x0000005024f00000] [id=13328]
  0x0000016ba04eb120 ConcurrentGCThread "G1 Main Marker" [stack: 0x0000005024f00000,0x0000005025000000] [id=2148]
  0x0000016ba04ec320 ConcurrentGCThread "G1 Conc#0" [stack: 0x0000005025000000,0x0000005025100000] [id=14204]

[error occurred during error reporting (printing all threads), id 0xc0000005, EXCEPTION_ACCESS_VIOLATION (0xc0000005) at pc=0x00007ffa07d1a697]

VM state: not at safepoint (not fully initialized)

VM Mutex/Monitor currently owned by a thread:  ([mutex/lock_event])
[0x0000016ba04a9ba0] Heap_lock - owner thread: 0x0000016ba04ae300

Heap address: 0x00000000c9c00000, size: 868 MB, Compressed Oops mode: 32-bit

CDS archive(s) mapped at: [0x0000000000000000-0x0000000000000000-0x0000000000000000), size 0, SharedBaseAddress: 0x0000000800000000, ArchiveRelocationMode: 0.
Narrow klass base: 0x0000000000000000, Narrow klass shift: 0, Narrow klass range: 0x0

GC Precious Log:
<Empty>

Heap:
 garbage-first heap   total 0K, used 0K [0x00000000c9c00000, 0x0000000100000000)
  region size 1024K, 0 young (0K), 0 survivors (0K)

[error occurred during error reporting (printing heap information), id 0xc0000005, EXCEPTION_ACCESS_VIOLATION (0xc0000005) at pc=0x00007ffa081000b9]

GC Heap History (0 events):
No events

Deoptimization events (0 events):
No events

Classes unloaded (0 events):
No events

Classes redefined (0 events):
No events

Internal exceptions (0 events):
No events

VM Operations (0 events):
No events

Events (1 events):
Event: 0.022 Loaded shared library C:\Program Files\Java\jdk-17\bin\java.dll


Dynamic libraries:
0x00007ff73de10000 - 0x00007ff73de20000 	C:\Program Files\Java\jdk-17\bin\javaw.exe
0x00007ffa3fed0000 - 0x00007ffa400c8000 	C:\Windows\SYSTEM32\ntdll.dll
0x00007ffa3f260000 - 0x00007ffa3f31f000 	C:\Windows\System32\KERNEL32.DLL
0x00007ffa3d740000 - 0x00007ffa3da36000 	C:\Windows\System32\KERNELBASE.dll
0x00007ffa3db70000 - 0x00007ffa3dc70000 	C:\Windows\System32\ucrtbase.dll
0x00007ffa261f0000 - 0x00007ffa26209000 	C:\Program Files\Java\jdk-17\bin\jli.dll
0x00007ffa3f550000 - 0x00007ffa3f5ff000 	C:\Windows\System32\ADVAPI32.dll
0x00007ffa3f160000 - 0x00007ffa3f1fe000 	C:\Windows\System32\msvcrt.dll
0x00007ffa3f600000 - 0x00007ffa3f69c000 	C:\Windows\System32\sechost.dll
0x00007ffa3f030000 - 0x00007ffa3f156000 	C:\Windows\System32\RPCRT4.dll
0x00007ffa3f320000 - 0x00007ffa3f4bd000 	C:\Windows\System32\USER32.dll
0x00007ffa3d710000 - 0x00007ffa3d732000 	C:\Windows\System32\win32u.dll
0x00007ffa3f210000 - 0x00007ffa3f23c000 	C:\Windows\System32\GDI32.dll
0x00007ffa3de10000 - 0x00007ffa3df25000 	C:\Windows\System32\gdi32full.dll
0x00007ffa3dad0000 - 0x00007ffa3db6d000 	C:\Windows\System32\msvcp_win.dll
0x00007ffa25ad0000 - 0x00007ffa25aeb000 	C:\Program Files\Java\jdk-17\bin\VCRUNTIME140.dll
0x00007ffa29a90000 - 0x00007ffa29d2a000 	C:\Windows\WinSxS\amd64_microsoft.windows.common-controls_6595b64144ccf1df_6.0.19041.1110_none_60b5254171f9507e\COMCTL32.dll
0x00007ffa31e30000 - 0x00007ffa31e3a000 	C:\Windows\SYSTEM32\VERSION.dll
0x00007ffa3f4c0000 - 0x00007ffa3f4f0000 	C:\Windows\System32\IMM32.DLL
0x00007ffa26690000 - 0x00007ffa2669c000 	C:\Program Files\Java\jdk-17\bin\vcruntime140_1.dll
0x00007ffa1aae0000 - 0x00007ffa1ab6e000 	C:\Program Files\Java\jdk-17\bin\msvcp140.dll
0x00007ffa07a30000 - 0x00007ffa0860d000 	C:\Program Files\Java\jdk-17\bin\server\jvm.dll
0x00007ffa3ef90000 - 0x00007ffa3ef98000 	C:\Windows\System32\PSAPI.DLL
0x00007ffa29800000 - 0x00007ffa29809000 	C:\Windows\SYSTEM32\WSOCK32.dll
0x00007ffa3fd50000 - 0x00007ffa3fdbb000 	C:\Windows\System32\WS2_32.dll
0x00007ffa31d90000 - 0x00007ffa31db7000 	C:\Windows\SYSTEM32\WINMM.dll
0x00007ffa3b450000 - 0x00007ffa3b462000 	C:\Windows\SYSTEM32\kernel.appcore.dll
0x00007ffa26610000 - 0x00007ffa2661a000 	C:\Program Files\Java\jdk-17\bin\jimage.dll
0x00007ffa34b60000 - 0x00007ffa34d44000 	C:\Windows\SYSTEM32\DBGHELP.DLL
0x00007ffa34b20000 - 0x00007ffa34b54000 	C:\Windows\SYSTEM32\dbgcore.DLL
0x00007ffa3da40000 - 0x00007ffa3dac2000 	C:\Windows\System32\bcryptPrimitives.dll
0x00007ffa24e70000 - 0x00007ffa24e95000 	C:\Program Files\Java\jdk-17\bin\java.dll

dbghelp: loaded successfully - version: 4.0.5 - missing functions: none
symbol engine: initialized successfully - sym options: 0x614 - pdb path: .;C:\Program Files\Java\jdk-17\bin;C:\Windows\SYSTEM32;C:\Windows\WinSxS\amd64_microsoft.windows.common-controls_6595b64144ccf1df_6.0.19041.1110_none_60b5254171f9507e;C:\Program Files\Java\jdk-17\bin\server

VM Arguments:
jvm_args: -Dfile.encoding=UTF-8 -XX:+ShowCodeDetailsInExceptionMessages 
java_command: fotmulario.Ejercicio1
java_class_path (initial): C:\Users\Jose\eclipse-workspace\com.curp\bin
Launcher Type: SUN_STANDARD

[Global flags]
     intx CICompilerCount                          = 2                                         {product} {ergonomic}
     uint ConcGCThreads                            = 1                                         {product} {ergonomic}
     uint G1ConcRefinementThreads                  = 2                                         {product} {ergonomic}
   size_t G1HeapRegionSize                         = 1048576                                   {product} {ergonomic}
    uintx GCDrainStackTargetSize                   = 64                                        {product} {ergonomic}
   size_t InitialHeapSize                          = 58720256                                  {product} {ergonomic}
   size_t MarkStackSize                            = 4194304                                   {product} {ergonomic}
   size_t MaxHeapSize                              = 910163968                                 {product} {ergonomic}
   size_t MinHeapDeltaBytes                        = 1048576                                   {product} {ergonomic}
   size_t MinHeapSize                              = 8388608                                   {product} {ergonomic}
    uintx NonNMethodCodeHeapSize                   = 5826188                                {pd product} {ergonomic}
    uintx NonProfiledCodeHeapSize                  = 122916026                              {pd product} {ergonomic}
    uintx ProfiledCodeHeapSize                     = 122916026                              {pd product} {ergonomic}
    uintx ReservedCodeCacheSize                    = 251658240                              {pd product} {ergonomic}
     bool SegmentedCodeCache                       = true                                      {product} {ergonomic}
     bool ShowCodeDetailsInExceptionMessages       = true                                   {manageable} {command line}
   size_t SoftMaxHeapSize                          = 910163968                              {manageable} {ergonomic}
     bool UseCompressedClassPointers               = true                           {product lp64_product} {ergonomic}
     bool UseCompressedOops                        = true                           {product lp64_product} {ergonomic}
     bool UseG1GC                                  = true                                      {product} {ergonomic}
     bool UseLargePagesIndividualAllocation        = false                                  {pd product} {ergonomic}

Logging:
Log output configuration:
 #0: stdout all=warning uptime,level,tags
 #1: stderr all=off uptime,level,tags

Environment Variables:
PATH=C:\Program Files\Common Files\Oracle\Java\javapath;C:\Program Files\Microsoft\jdk-11.0.16.101-hotspot\bin;C:\Windows\system32;C:\Windows;C:\Windows\System32\Wbem;C:\Windows\System32\WindowsPowerShell\v1.0\;C:\Windows\System32\OpenSSH\;C:\Program Files\dotnet\;C:\Program Files\Git\cmd;C:\Program Files\MySQL\MySQL Shell 8.0\bin\;C:\Users\Jose\AppData\Local\Microsoft\WindowsApps;C:\Users\Jose\.dotnet\tools;C:\Users\Jose\AppData\Local\Programs\Microsoft VS Code\bin
USERNAME=Jose
OS=Windows_NT
PROCESSOR_IDENTIFIER=AMD64 Family 21 Model 112 Stepping 0, AuthenticAMD



---------------  S Y S T E M  ---------------

OS:
 Windows 10 , 64 bit Build 19041 (10.0.19041.3155)
OS uptime: 24 days 16:25 hours

CPU: total 2 (initial active 2) (2 cores per cpu, 1 threads per core) family 21 model 112 stepping 0 microcode 0x0, cx8, cmov, fxsr, mmx, 3dnowpref, sse, sse2, sse3, ssse3, sse4a, sse4.1, sse4.2, popcnt, lzcnt, tsc, tscinvbit, avx, avx2, aes, clmul, bmi1, bmi2, fma, vzeroupper, clflush

Memory: 4k page, system-wide physical 3471M (350M free)
TotalPageFile size 14220M (AvailPageFile size 47M)
current process WorkingSet (physical memory assigned to process): 10M, peak: 10M
current process commit charge ("private bytes"): 47M, peak: 103M

vm_info: Java HotSpot(TM) 64-Bit Server VM (17.0.7+8-LTS-224) for windows-amd64 JRE (17.0.7+8-LTS-224), built on Feb 28 2023 23:03:02 by "mach5one" with MS VC++ 17.1 (VS2022)

END.
